<?xml version="1.0" encoding="UTF-8"?>
<!-- Generated by org.testng.reporters.JUnitReportReporter -->
<testsuite skipped="0" hostname="Dell-Inspiron-5570" name="com.demoaut.MercuryTours.LoginPageTest" tests="2" failures="0" timestamp="2019-12-17T18:52:12 CET" time="7.891" errors="0">
  <testcase name="loginExcelDriven" time="4.094" classname="com.demoaut.MercuryTours.LoginPageTest"/>
  <testcase name="loginOne" time="3.797" classname="com.demoaut.MercuryTours.LoginPageTest"/>
</testsuite> <!-- com.demoaut.MercuryTours.LoginPageTest -->
