<?xml version="1.0" encoding="UTF-8"?>
<!-- Generated by org.testng.reporters.JUnitReportReporter -->
<testsuite skipped="0" hostname="Dell-Inspiron-5570" name="com.demoaut.MercuryTours.RegisterPageTest" tests="2" failures="0" timestamp="2019-12-17T18:52:12 CET" time="10.274" errors="0">
  <testcase name="registerOne" time="4.552" classname="com.demoaut.MercuryTours.RegisterPageTest"/>
  <testcase name="registerExcelDriven" time="5.722" classname="com.demoaut.MercuryTours.RegisterPageTest"/>
</testsuite> <!-- com.demoaut.MercuryTours.RegisterPageTest -->
