<?xml version="1.0" encoding="UTF-8"?>
<!-- Generated by org.testng.reporters.JUnitReportReporter -->
<testsuite hostname="Dell-Inspiron-5570" failures="0" tests="2" name="com.demoaut.MercuryTours.LoginPageTest" time="7.541" errors="0" timestamp="2019-11-29T21:04:03 CET" skipped="0">
  <testcase classname="com.demoaut.MercuryTours.LoginPageTest" name="loginExcelDriven" time="3.858"/>
  <testcase classname="com.demoaut.MercuryTours.LoginPageTest" name="loginOne" time="3.683"/>
</testsuite> <!-- com.demoaut.MercuryTours.LoginPageTest -->
