<?xml version="1.0" encoding="UTF-8"?>
<!-- Generated by org.testng.reporters.JUnitReportReporter -->
<testsuite hostname="Dell-Inspiron-5570" failures="0" tests="2" name="com.demoaut.MercuryTours.RegisterPageTest" time="8.027" errors="0" timestamp="2019-11-29T21:04:03 CET" skipped="0">
  <testcase classname="com.demoaut.MercuryTours.RegisterPageTest" name="registerExcelDriven" time="4.306"/>
  <testcase classname="com.demoaut.MercuryTours.RegisterPageTest" name="registerOne" time="3.721"/>
</testsuite> <!-- com.demoaut.MercuryTours.RegisterPageTest -->
